2022-01-20 18:13:51,085 INFO org.springframework.boot.StartupInfoLogger [restartedMain] Starting RegusersApplication using Java 11.0.13 on Apples-MacBook-Pro.local with PID 2345 (/Users/apple/Documents/Workplace/Java Projects/regusers/target/classes started by apple in /Users/apple/Documents/Workplace/Java Projects/regusers)
2022-01-20 18:13:51,087 INFO org.springframework.boot.SpringApplication [restartedMain] The following profiles are active: dev
2022-01-20 18:13:51,145 INFO org.springframework.boot.logging.DeferredLog [restartedMain] The Class-Path manifest attribute in /Users/apple/.m2/repository/com/oracle/database/jdbc/ojdbc8/21.3.0.0/ojdbc8-21.3.0.0.jar referenced one or more files that do not exist: file:/Users/apple/.m2/repository/com/oracle/database/jdbc/ojdbc8/21.3.0.0/oraclepki.jar
2022-01-20 18:13:51,146 INFO org.springframework.boot.logging.DeferredLog [restartedMain] Devtools property defaults active! Set 'spring.devtools.add-properties' to 'false' to disable
2022-01-20 18:13:51,146 INFO org.springframework.boot.logging.DeferredLog [restartedMain] For additional web related logging consider setting the 'logging.level.web' property to 'DEBUG'
2022-01-20 18:13:51,814 INFO org.springframework.data.repository.config.RepositoryConfigurationDelegate [restartedMain] Bootstrapping Spring Data JPA repositories in DEFAULT mode.
2022-01-20 18:13:51,871 INFO org.springframework.data.repository.config.RepositoryConfigurationDelegate [restartedMain] Finished Spring Data repository scanning in 45 ms. Found 1 JPA repository interfaces.
2022-01-20 18:13:52,456 INFO org.springframework.boot.web.embedded.tomcat.TomcatWebServer [restartedMain] Tomcat initialized with port(s): 8080 (http)
2022-01-20 18:13:52,466 INFO org.apache.juli.logging.DirectJDKLog [restartedMain] Starting service [Tomcat]
2022-01-20 18:13:52,467 INFO org.apache.juli.logging.DirectJDKLog [restartedMain] Starting Servlet engine: [Apache Tomcat/9.0.56]
2022-01-20 18:13:52,560 INFO org.apache.juli.logging.DirectJDKLog [restartedMain] Initializing Spring embedded WebApplicationContext
2022-01-20 18:13:52,560 INFO org.springframework.boot.web.servlet.context.ServletWebServerApplicationContext [restartedMain] Root WebApplicationContext: initialization completed in 1412 ms
2022-01-20 18:13:52,773 INFO org.hibernate.jpa.internal.util.LogHelper [restartedMain] HHH000204: Processing PersistenceUnitInfo [name: default]
2022-01-20 18:13:52,829 INFO org.hibernate.Version [restartedMain] HHH000412: Hibernate ORM core version 5.6.3.Final
2022-01-20 18:13:53,022 INFO org.hibernate.annotations.common.reflection.java.JavaReflectionManager [restartedMain] HCANN000001: Hibernate Commons Annotations {5.1.2.Final}
2022-01-20 18:13:53,127 INFO com.zaxxer.hikari.HikariDataSource [restartedMain] HikariPool-1 - Starting...
2022-01-20 18:13:53,131 WARN com.zaxxer.hikari.util.DriverDataSource [restartedMain] Registered driver with driverClassName=oracle.jdbc.driver.OracleDriver was not found, trying direct instantiation.
2022-01-20 18:13:53,510 INFO com.zaxxer.hikari.HikariDataSource [restartedMain] HikariPool-1 - Start completed.
2022-01-20 18:13:53,526 INFO org.hibernate.dialect.Dialect [restartedMain] HHH000400: Using dialect: org.hibernate.dialect.Oracle12cDialect
2022-01-20 18:13:55,181 INFO org.hibernate.engine.transaction.jta.platform.internal.JtaPlatformInitiator [restartedMain] HHH000490: Using JtaPlatform implementation: [org.hibernate.engine.transaction.jta.platform.internal.NoJtaPlatform]
2022-01-20 18:13:55,190 INFO org.springframework.orm.jpa.AbstractEntityManagerFactoryBean [restartedMain] Initialized JPA EntityManagerFactory for persistence unit 'default'
2022-01-20 18:13:55,498 WARN org.springframework.context.support.AbstractApplicationContext [restartedMain] Exception encountered during context initialization - cancelling refresh attempt: org.springframework.beans.factory.UnsatisfiedDependencyException: Error creating bean with name 'regUsersController': Unsatisfied dependency expressed through field 'regUsersService'; nested exception is org.springframework.beans.factory.UnsatisfiedDependencyException: Error creating bean with name 'regUsersService' defined in file [/Users/apple/Documents/Workplace/Java Projects/regusers/target/classes/com/dmx/regusers/service/RegUsersService.class]: Unsatisfied dependency expressed through constructor parameter 1; nested exception is org.springframework.beans.factory.NoSuchBeanDefinitionException: No qualifying bean of type 'com.dmx.regusers.mapper.RequestMapper' available: expected at least 1 bean which qualifies as autowire candidate. Dependency annotations: {}
2022-01-20 18:13:55,498 INFO org.springframework.orm.jpa.AbstractEntityManagerFactoryBean [restartedMain] Closing JPA EntityManagerFactory for persistence unit 'default'
2022-01-20 18:13:55,502 INFO com.zaxxer.hikari.HikariDataSource [restartedMain] HikariPool-1 - Shutdown initiated...
2022-01-20 18:13:55,533 INFO com.zaxxer.hikari.HikariDataSource [restartedMain] HikariPool-1 - Shutdown completed.
2022-01-20 18:13:55,536 INFO org.apache.juli.logging.DirectJDKLog [restartedMain] Stopping service [Tomcat]
2022-01-20 18:13:55,547 INFO org.springframework.boot.autoconfigure.logging.ConditionEvaluationReportLoggingListener [restartedMain] 

Error starting ApplicationContext. To display the conditions report re-run your application with 'debug' enabled.
2022-01-20 18:13:55,577 ERROR org.springframework.boot.diagnostics.LoggingFailureAnalysisReporter [restartedMain] 

***************************
APPLICATION FAILED TO START
***************************

Description:

Parameter 1 of constructor in com.dmx.regusers.service.RegUsersService required a bean of type 'com.dmx.regusers.mapper.RequestMapper' that could not be found.

The injection point has the following annotations:
	- @org.springframework.beans.factory.annotation.Autowired(required=true)


Action:

Consider defining a bean of type 'com.dmx.regusers.mapper.RequestMapper' in your configuration.

